<?xml version="1.0" encoding="UTF-8"?>
<!-- Generated by org.testng.reporters.JUnitXMLReporter -->
<testsuite ignored="0" hostname="DESKTOP-A6KDPUT" failures="0" tests="3" name="Default test" time="0.122" errors="0" timestamp="2023-08-28T22:29:52 IST">
  <testcase classname="groups.group_script" name="test1" time="0.019"/>
  <testcase classname="groups.group_script" name="test2" time="0.002"/>
  <testcase classname="groups.group_script" name="test3" time="0.002"/>
</testsuite> <!-- Default test -->
