<?xml version="1.0" encoding="UTF-8"?>
<testng-results ignored="0" total="2" passed="2" failed="0" skipped="0">
  <reporter-output>
  </reporter-output>
  <suite started-at="2023-08-28T22:30:14 IST" name="Suite" finished-at="2023-08-28T22:30:14 IST" duration-ms="117">
    <groups>
      <group name="sanity">
        <method signature="groups.test1()[pri:0, instance:testng2.groups@5553d0f5]" name="test1" class="testng2.groups"/>
        <method signature="groups.test3()[pri:0, instance:testng2.groups@5553d0f5]" name="test3" class="testng2.groups"/>
      </group> <!-- sanity -->
    </groups>
    <test started-at="2023-08-28T22:30:14 IST" name="Test" finished-at="2023-08-28T22:30:14 IST" duration-ms="117">
      <class name="testng2.groups">
        <test-method signature="test1()[pri:0, instance:testng2.groups@5553d0f5]" started-at="2023-08-28T22:30:14 IST" name="test1" finished-at="2023-08-28T22:30:14 IST" duration-ms="14" status="PASS">
          <reporter-output>
          </reporter-output>
        </test-method> <!-- test1 -->
        <test-method signature="test3()[pri:0, instance:testng2.groups@5553d0f5]" started-at="2023-08-28T22:30:14 IST" name="test3" finished-at="2023-08-28T22:30:14 IST" duration-ms="3" status="PASS">
          <reporter-output>
          </reporter-output>
        </test-method> <!-- test3 -->
      </class> <!-- testng2.groups -->
    </test> <!-- Test -->
  </suite> <!-- Suite -->
</testng-results>
