<?xml version="1.0" encoding="UTF-8"?>
<!-- Generated by org.testng.reporters.JUnitXMLReporter -->
<testsuite ignored="1" hostname="DESKTOP-A6KDPUT" failures="0" tests="2" name="Test" time="0.117" errors="0" timestamp="2023-08-28T22:30:14 IST">
  <testcase classname="testng2.groups" name="test1" time="0.014"/>
  <testcase classname="testng2.groups" name="test3" time="0.003"/>
  <testcase classname="testng2.groups" name="test2" time="0.0">
    <ignored/>
  </testcase> <!-- test2 -->
</testsuite> <!-- Test -->
